<?xml version="1.0" encoding="UTF-8" ?>
<testsuite tests="37" failures="0" name="testRunner.TestRun" time="0.009" errors="0" skipped="0">
  <properties>
    <property name="java.vendor" value="Oracle Corporation"/>
    <property name="JOB_NAME" value="actiTIME_Cucumber"/>
    <property name="sun.java.launcher" value="SUN_STANDARD"/>
    <property name="NUMBER_OF_PROCESSORS" value="4"/>
    <property name="sun.management.compiler" value="HotSpot 64-Bit Tiered Compilers"/>
    <property name="JENKINS_HOME" value="C:\Program Files (x86)\Jenkins"/>
    <property name="HUDSON_SERVER_COOKIE" value="e2683744f2903ec8"/>
    <property name="os.name" value="Windows 8.1"/>
    <property name="sun.boot.class.path" value="C:\Program Files\Java\jdk1.8.0_25\jre\lib\resources.jar;C:\Program Files\Java\jdk1.8.0_25\jre\lib\rt.jar;C:\Program Files\Java\jdk1.8.0_25\jre\lib\sunrsasign.jar;C:\Program Files\Java\jdk1.8.0_25\jre\lib\jsse.jar;C:\Program Files\Java\jdk1.8.0_25\jre\lib\jce.jar;C:\Program Files\Java\jdk1.8.0_25\jre\lib\charsets.jar;C:\Program Files\Java\jdk1.8.0_25\jre\lib\jfr.jar;C:\Program Files\Java\jdk1.8.0_25\jre\classes"/>
    <property name="EXECUTOR_NUMBER" value="1"/>
    <property name="sun.desktop" value="windows"/>
    <property name="PATHEXT" value=".COM;.EXE;.BAT;.CMD;.VBS;.VBE;.JS;.JSE;.WSF;.WSH;.MSC"/>
    <property name="java.vm.specification.vendor" value="Oracle Corporation"/>
    <property name="NODE_LABELS" value="master"/>
    <property name="TEMP" value="C:\WINDOWS\TEMP"/>
    <property name="java.runtime.version" value="1.8.0_25-b18"/>
    <property name="WINSW_SERVICE_ID" value="Jenkins"/>
    <property name="user.name" value="DESKTOP-2H7LN3B$"/>
    <property name="guice.disable.misplaced.annotation.check" value="true"/>
    <property name="CommonProgramW6432" value="C:\Program Files\Common Files"/>
    <property name="ProgramFiles" value="C:\Program Files (x86)"/>
    <property name="user.language" value="en"/>
    <property name="JOB_BASE_NAME" value="actiTIME_Cucumber"/>
    <property name="RUN_CHANGES_DISPLAY_URL" value="http://localhost:8080/job/actiTIME_Cucumber/1/display/redirect?page=changes"/>
    <property name="BUILD_DISPLAY_NAME" value="#1"/>
    <property name="sun.boot.library.path" value="C:\Program Files\Java\jdk1.8.0_25\jre\bin"/>
    <property name="LOCALAPPDATA" value="C:\WINDOWS\system32\config\systemprofile\AppData\Local"/>
    <property name="java.version" value="1.8.0_25"/>
    <property name="PROCESSOR_LEVEL" value="6"/>
    <property name="user.timezone" value="Asia/Calcutta"/>
    <property name="USERNAME" value="DESKTOP-2H7LN3B$"/>
    <property name="sun.arch.data.model" value="64"/>
    <property name="NODE_NAME" value="master"/>
    <property name="PROCESSOR_ARCHITEW6432" value="AMD64"/>
    <property name="java.endorsed.dirs" value="C:\Program Files\Java\jdk1.8.0_25\jre\lib\endorsed"/>
    <property name="BUILD_ID" value="1"/>
    <property name="sun.cpu.isalist" value="amd64"/>
    <property name="sun.jnu.encoding" value="Cp1252"/>
    <property name="file.encoding.pkg" value="sun.io"/>
    <property name="file.separator" value="\"/>
    <property name="java.specification.name" value="Java Platform API Specification"/>
    <property name="maven.conf" value="C:\Program Files (x86)\apache-maven-3.6.3\conf"/>
    <property name="java.class.version" value="52.0"/>
    <property name="org.slf4j.simpleLogger.defaultLogLevel" value="info"/>
    <property name="user.country" value="US"/>
    <property name="ALLUSERSPROFILE" value="C:\ProgramData"/>
    <property name="java.home" value="C:\Program Files\Java\jdk1.8.0_25\jre"/>
    <property name="java.vm.info" value="mixed mode"/>
    <property name="os.version" value="6.3"/>
    <property name="RUN_DISPLAY_URL" value="http://localhost:8080/job/actiTIME_Cucumber/1/display/redirect"/>
    <property name="TMP" value="C:\WINDOWS\TEMP"/>
    <property name="path.separator" value=";"/>
    <property name="java.vm.version" value="25.25-b02"/>
    <property name="user.variant" value=""/>
    <property name="JOB_DISPLAY_URL" value="http://localhost:8080/job/actiTIME_Cucumber/display/redirect"/>
    <property name="CommonProgramFiles(x86)" value="C:\Program Files (x86)\Common Files"/>
    <property name="java.awt.printerjob" value="sun.awt.windows.WPrinterJob"/>
    <property name="JAVA_HOME" value="C:\Program Files\Java\jdk1.8.0_25"/>
    <property name="sun.io.unicode.encoding" value="UnicodeLittle"/>
    <property name="CommonProgramFiles" value="C:\Program Files (x86)\Common Files"/>
    <property name="ComSpec" value="C:\WINDOWS\system32\cmd.exe"/>
    <property name="awt.toolkit" value="sun.awt.windows.WToolkit"/>
    <property name="SERVICE_ID" value="Jenkins"/>
    <property name="COMPUTERNAME" value="DESKTOP-2H7LN3B"/>
    <property name="user.script" value=""/>
    <property name="PUBLIC" value="C:\Users\Public"/>
    <property name="user.home" value="C:\WINDOWS\system32\config\systemprofile"/>
    <property name="BUILD_TAG" value="jenkins-actiTIME_Cucumber-1"/>
    <property name="JENKINS_SERVER_COOKIE" value="e2683744f2903ec8"/>
    <property name="HUDSON_URL" value="http://localhost:8080/"/>
    <property name="ProgramData" value="C:\ProgramData"/>
    <property name="java.specification.vendor" value="Oracle Corporation"/>
    <property name="USERPROFILE" value="C:\WINDOWS\system32\config\systemprofile"/>
    <property name="CLASSPATH" value=""/>
    <property name="java.vendor.url" value="http://java.oracle.com/"/>
    <property name="java.library.path" value="C:\Program Files\Java\jdk1.8.0_25\bin;C:\WINDOWS\Sun\Java\bin;C:\WINDOWS\system32;C:\WINDOWS;C:\Program Files (x86)\apache-maven-3.6.3/bin;C:\Program Files\Java\jdk1.8.0_25/bin;C:\Program Files\Java\jdk1.8.0_25/bin;C:\ProgramData\Oracle\Java\javapath;C:\WINDOWS\system32;C:\WINDOWS;C:\WINDOWS\System32\Wbem;C:\WINDOWS\System32\WindowsPowerShell\v1.0\;C:\Program Files\nodejs\;C:\Users\Saravanan\AppData\Local\Android\Sdk\platform-tools;C:\WINDOWS\System32\OpenSSH\;C:\Program Files (x86)\apache-maven-3.6.3\bin;C:\Program Files\Java\jdk1.8.0_25\bin;C:\Program Files (x86)\apache-maven-3.6.3\bin\bin;C:\Program Files\Java\jdk1.8.0_25\lib;C:\WINDOWS\system32\config\systemprofile\AppData\Local\Microsoft\WindowsApps;."/>
    <property name="java.vm.vendor" value="Oracle Corporation"/>
    <property name="APPDATA" value="C:\WINDOWS\system32\config\systemprofile\AppData\Roaming"/>
    <property name="java.runtime.name" value="Java(TM) SE Runtime Environment"/>
    <property name="maven.home" value="C:\Program Files (x86)\apache-maven-3.6.3"/>
    <property name="java.class.path" value="C:\Program Files (x86)\Jenkins\plugins\maven-plugin\WEB-INF\lib\maven35-agent-1.13.jar;C:\Program Files (x86)\apache-maven-3.6.3\boot\plexus-classworlds-2.6.0.jar;C:\Program Files (x86)\apache-maven-3.6.3/conf/logging"/>
    <property name="sun.java.command" value="jenkins.maven3.agent.Maven35Main C:\Program Files (x86)\apache-maven-3.6.3 C:\Program Files (x86)\Jenkins\war\WEB-INF\lib\remoting-3.36.jar C:\Program Files (x86)\Jenkins\plugins\maven-plugin\WEB-INF\lib\maven35-interceptor-1.13.jar C:\Program Files (x86)\Jenkins\plugins\maven-plugin\WEB-INF\lib\maven3-interceptor-commons-1.13.jar 53247"/>
    <property name="Path" value="C:\Program Files\Java\jdk1.8.0_25/bin;C:\ProgramData\Oracle\Java\javapath;C:\WINDOWS\system32;C:\WINDOWS;C:\WINDOWS\System32\Wbem;C:\WINDOWS\System32\WindowsPowerShell\v1.0\;C:\Program Files\nodejs\;C:\Users\Saravanan\AppData\Local\Android\Sdk\platform-tools;C:\WINDOWS\System32\OpenSSH\;C:\Program Files (x86)\apache-maven-3.6.3\bin;C:\Program Files\Java\jdk1.8.0_25\bin;C:\Program Files (x86)\apache-maven-3.6.3\bin\bin;C:\Program Files\Java\jdk1.8.0_25\lib;C:\WINDOWS\system32\config\systemprofile\AppData\Local\Microsoft\WindowsApps"/>
    <property name="java.vm.specification.name" value="Java Virtual Machine Specification"/>
    <property name="PROCESSOR_ARCHITECTURE" value="x86"/>
    <property name="PATH+JDK" value="C:\Program Files\Java\jdk1.8.0_25/bin"/>
    <property name="PROCESSOR_IDENTIFIER" value="Intel64 Family 6 Model 78 Stepping 3, GenuineIntel"/>
    <property name="java.vm.specification.version" value="1.8"/>
    <property name="sun.os.patch.level" value=""/>
    <property name="sun.cpu.endian" value="little"/>
    <property name="M2_HOME" value="C:\Program Files (x86)\apache-maven-3.6.3"/>
    <property name="java.io.tmpdir" value="C:\WINDOWS\TEMP\"/>
    <property name="OS" value="Windows_NT"/>
    <property name="HUDSON_HOME" value="C:\Program Files (x86)\Jenkins"/>
    <property name="PATH+MAVEN" value="C:\Program Files (x86)\apache-maven-3.6.3/bin"/>
    <property name="ProgramFiles(x86)" value="C:\Program Files (x86)"/>
    <property name="BUILD_URL" value="http://localhost:8080/job/actiTIME_Cucumber/1/"/>
    <property name="java.vendor.url.bug" value="http://bugreport.sun.com/bugreport/"/>
    <property name="java.awt.graphicsenv" value="sun.awt.Win32GraphicsEnvironment"/>
    <property name="os.arch" value="amd64"/>
    <property name="SystemRoot" value="C:\WINDOWS"/>
    <property name="java.ext.dirs" value="C:\Program Files\Java\jdk1.8.0_25\jre\lib\ext;C:\WINDOWS\Sun\Java\lib\ext"/>
    <property name="user.dir" value="D:\SW-Workspace\actiTIME_Cucumber"/>
    <property name="JOB_URL" value="http://localhost:8080/job/actiTIME_Cucumber/"/>
    <property name="USERDOMAIN" value="WORKGROUP"/>
    <property name="line.separator" value="
"/>
    <property name="MAVEN_HOME" value="C:\Program Files (x86)\apache-maven-3.6.3"/>
    <property name="java.vm.name" value="Java HotSpot(TM) 64-Bit Server VM"/>
    <property name="BUILD_NUMBER" value="1"/>
    <property name="BASE" value="C:\Program Files (x86)\Jenkins"/>
    <property name="JENKINS_URL" value="http://localhost:8080/"/>
    <property name="PROCESSOR_REVISION" value="4e03"/>
    <property name="ProgramW6432" value="C:\Program Files"/>
    <property name="windir" value="C:\WINDOWS"/>
    <property name="file.encoding" value="Cp1252"/>
    <property name="SystemDrive" value="C:"/>
    <property name="maven3.interceptor" value="C:\Program Files (x86)\Jenkins\plugins\maven-plugin\WEB-INF\lib\maven35-interceptor-1.13.jar"/>
    <property name="WORKSPACE" value="C:\Program Files (x86)\Jenkins\workspace\actiTIME_Cucumber"/>
    <property name="maven3.interceptor.common" value="C:\Program Files (x86)\Jenkins\plugins\maven-plugin\WEB-INF\lib\maven3-interceptor-commons-1.13.jar"/>
    <property name="WINSW_EXECUTABLE" value="C:\Program Files (x86)\Jenkins\jenkins.exe"/>
    <property name="java.specification.version" value="1.8"/>
    <property name="PSModulePath" value="C:\Program Files (x86)\WindowsPowerShell\Modules;C:\WINDOWS\system32\WindowsPowerShell\v1.0\Modules;C:\Program Files (x86)\AutoIt3\AutoItX"/>
    <property name="DriverData" value="C:\Windows\System32\Drivers\DriverData"/>
  </properties>
  <testcase classname="Scenario: Verify the Build Number" name="Given User Launch Chrome Browser" time="0.004"/>
  <testcase classname="Scenario: Verify the Build Number" name="When User Opens the URL &quot;http://localhost/login.do&quot;" time="0"/>
  <testcase classname="Scenario: Verify the Build Number" name="And User Enters Username as &quot;admin&quot; and Password as &quot;manager&quot;" time="0"/>
  <testcase classname="Scenario: Verify the Build Number" name="And Users click on login" time="0"/>
  <testcase classname="Scenario: Verify the Build Number" name="Then Click on help icon" time="0"/>
  <testcase classname="Scenario: Verify the Build Number" name="Then Click on about actiTime" time="0"/>
  <testcase classname="Scenario: Verify the Build Number" name="And Verify the build number" time="0"/>
  <testcase classname="Scenario: Verify the Build Number" name="Then Click on close" time="0"/>
  <testcase classname="Scenario: Verify the Build Number" name="And Close the browser" time="0"/>
  <testcase classname="Scenario: Verify the Build Number" name="Scenario: Verify the Build Number" time="0.002"/>
  <testcase classname="Scenario: Valid login" name="Given User Launch Chrome Browser" time="0"/>
  <testcase classname="Scenario: Valid login" name="When User Opens the URL &quot;http://localhost/login.do&quot;" time="0"/>
  <testcase classname="Scenario: Valid login" name="And User Enters Username as &quot;admin&quot; and Password as &quot;manager&quot;" time="0"/>
  <testcase classname="Scenario: Valid login" name="And Users click on login" time="0"/>
  <testcase classname="Scenario: Valid login" name="Then Page url should be &quot;http://localhost/user/submit_tt.do&quot;" time="0"/>
  <testcase classname="Scenario: Valid login" name="When User Click on logout link" time="0"/>
  <testcase classname="Scenario: Valid login" name="Then Page url should be &quot;http://localhost/login.do&quot;" time="0"/>
  <testcase classname="Scenario: Valid login" name="And Close the browser" time="0"/>
  <testcase classname="Scenario: Valid login" name="Scenario: Valid login" time="0.001"/>
  <testcase classname="| admin | manager |" name="Given User Launch Chrome Browser" time="0"/>
  <testcase classname="| admin | manager |" name="When User Opens the URL &quot;http://localhost/login.do&quot;" time="0"/>
  <testcase classname="| admin | manager |" name="And User Enters Username as &quot;admin&quot; and Password as &quot;manager&quot;" time="0"/>
  <testcase classname="| admin | manager |" name="And Users click on login" time="0"/>
  <testcase classname="| admin | manager |" name="Then Page url should be &quot;http://localhost/user/submit_tt.do&quot;" time="0"/>
  <testcase classname="| admin | manager |" name="When User Click on logout link" time="0"/>
  <testcase classname="| admin | manager |" name="Then Page url should be &quot;http://localhost/login.do&quot;" time="0"/>
  <testcase classname="| admin | manager |" name="And Close the browser" time="0"/>
  <testcase classname="| admin | manager |" name="| admin | manager |" time="0.001"/>
  <testcase classname="| admin | manager |" name="Given User Launch Chrome Browser" time="0"/>
  <testcase classname="| admin | manager |" name="When User Opens the URL &quot;http://localhost/login.do&quot;" time="0"/>
  <testcase classname="| admin | manager |" name="And User Enters Username as &quot;admin&quot; and Password as &quot;manager&quot;" time="0"/>
  <testcase classname="| admin | manager |" name="And Users click on login" time="0"/>
  <testcase classname="| admin | manager |" name="Then Page url should be &quot;http://localhost/user/submit_tt.do&quot;" time="0"/>
  <testcase classname="| admin | manager |" name="When User Click on logout link" time="0"/>
  <testcase classname="| admin | manager |" name="Then Page url should be &quot;http://localhost/login.do&quot;" time="0"/>
  <testcase classname="| admin | manager |" name="And Close the browser" time="0"/>
  <testcase classname="| admin | manager |" name="| admin | manager |" time="0.001"/>
</testsuite>