<?xml version="1.0" encoding="UTF-8" ?>
<testsuite tests="37" failures="0" name="testRunner.TestRun" time="0.014" errors="0" skipped="0">
  <properties>
    <property name="java.runtime.name" value="Java(TM) SE Runtime Environment"/>
    <property name="sun.boot.library.path" value="C:\Program Files\Java\jdk1.8.0_25\jre\bin"/>
    <property name="java.vm.version" value="25.25-b02"/>
    <property name="java.vm.vendor" value="Oracle Corporation"/>
    <property name="maven.multiModuleProjectDirectory" value="C:\Users\Saravanan\git\actiTIME_Cucumber\actiTIME_Cucumber"/>
    <property name="java.vendor.url" value="http://java.oracle.com/"/>
    <property name="path.separator" value=";"/>
    <property name="guice.disable.misplaced.annotation.check" value="true"/>
    <property name="java.vm.name" value="Java HotSpot(TM) 64-Bit Server VM"/>
    <property name="file.encoding.pkg" value="sun.io"/>
    <property name="user.script" value=""/>
    <property name="user.country" value="US"/>
    <property name="sun.java.launcher" value="SUN_STANDARD"/>
    <property name="sun.os.patch.level" value=""/>
    <property name="java.vm.specification.name" value="Java Virtual Machine Specification"/>
    <property name="user.dir" value="C:\Users\Saravanan\git\actiTIME_Cucumber\actiTIME_Cucumber"/>
    <property name="java.runtime.version" value="1.8.0_25-b18"/>
    <property name="java.awt.graphicsenv" value="sun.awt.Win32GraphicsEnvironment"/>
    <property name="java.endorsed.dirs" value="C:\Program Files\Java\jdk1.8.0_25\jre\lib\endorsed"/>
    <property name="os.arch" value="amd64"/>
    <property name="java.io.tmpdir" value="C:\Users\SARAVA~1\AppData\Local\Temp\"/>
    <property name="line.separator" value="
"/>
    <property name="java.vm.specification.vendor" value="Oracle Corporation"/>
    <property name="user.variant" value=""/>
    <property name="os.name" value="Windows 8.1"/>
    <property name="classworlds.conf" value="D:\SW-Workspace\.metadata\.plugins\org.eclipse.m2e.launching\launches\m2conf2657069469900271978.tmp"/>
    <property name="sun.jnu.encoding" value="Cp1252"/>
    <property name="java.library.path" value="C:\Program Files\Java\jdk1.8.0_25\bin;C:\WINDOWS\Sun\Java\bin;C:\WINDOWS\system32;C:\WINDOWS;C:/Program Files/Java/jre1.8.0_25/bin/server;C:/Program Files/Java/jre1.8.0_25/bin;C:/Program Files/Java/jre1.8.0_25/lib/amd64;C:\ProgramData\Oracle\Java\javapath;C:\WINDOWS\system32;C:\WINDOWS;C:\WINDOWS\System32\Wbem;C:\WINDOWS\System32\WindowsPowerShell\v1.0\;C:\Program Files\nodejs\;C:\Users\Saravanan\AppData\Local\Android\Sdk\platform-tools;C:\WINDOWS\System32\OpenSSH\;C:\Program Files (x86)\apache-maven-3.6.3\bin;C:\Program Files\Java\jdk1.8.0_25\bin;C:\Program Files (x86)\apache-maven-3.6.3\bin\bin;C:\Program Files\Java\jdk1.8.0_25\lib;C:\Ruby24-x64\bin;C:\Program Files\Java\jdk1.8.0_25\bin;C:\Program Files\WinAnt\bin;C:\Users\Saravanan\AppData\Local\Android\Sdk;C:\Users\Saravanan\AppData\Roaming\npm;%USERPROFILE%\AppData\Local\Microsoft\WindowsApps;;G:\Software\eclipse-jee-mars-R-win32-x86_64\eclipse;;."/>
    <property name="java.specification.name" value="Java Platform API Specification"/>
    <property name="java.class.version" value="52.0"/>
    <property name="sun.management.compiler" value="HotSpot 64-Bit Tiered Compilers"/>
    <property name="os.version" value="6.3"/>
    <property name="user.home" value="C:\Users\Saravanan"/>
    <property name="user.timezone" value="Asia/Calcutta"/>
    <property name="java.awt.printerjob" value="sun.awt.windows.WPrinterJob"/>
    <property name="java.specification.version" value="1.8"/>
    <property name="file.encoding" value="Cp1252"/>
    <property name="user.name" value="Saravanan"/>
    <property name="java.class.path" value="/G:/Software/eclipse-jee-mars-R-win32-x86_64/eclipse/plugins/org.eclipse.m2e.maven.runtime_1.6.2.20150902-0001/jars/plexus-classworlds-2.5.2.jar"/>
    <property name="java.vm.specification.version" value="1.8"/>
    <property name="sun.arch.data.model" value="64"/>
    <property name="java.home" value="C:\Program Files\Java\jdk1.8.0_25\jre"/>
    <property name="sun.java.command" value="org.codehaus.plexus.classworlds.launcher.Launcher -B test"/>
    <property name="java.specification.vendor" value="Oracle Corporation"/>
    <property name="user.language" value="en"/>
    <property name="awt.toolkit" value="sun.awt.windows.WToolkit"/>
    <property name="java.vm.info" value="mixed mode"/>
    <property name="java.version" value="1.8.0_25"/>
    <property name="java.ext.dirs" value="C:\Program Files\Java\jdk1.8.0_25\jre\lib\ext;C:\WINDOWS\Sun\Java\lib\ext"/>
    <property name="sun.boot.class.path" value="C:\Program Files\Java\jdk1.8.0_25\jre\lib\resources.jar;C:\Program Files\Java\jdk1.8.0_25\jre\lib\rt.jar;C:\Program Files\Java\jdk1.8.0_25\jre\lib\sunrsasign.jar;C:\Program Files\Java\jdk1.8.0_25\jre\lib\jsse.jar;C:\Program Files\Java\jdk1.8.0_25\jre\lib\jce.jar;C:\Program Files\Java\jdk1.8.0_25\jre\lib\charsets.jar;C:\Program Files\Java\jdk1.8.0_25\jre\lib\jfr.jar;C:\Program Files\Java\jdk1.8.0_25\jre\classes"/>
    <property name="java.vendor" value="Oracle Corporation"/>
    <property name="maven.home" value="C:\Users\Saravanan\git\actiTIME_Cucumber\actiTIME_Cucumber\EMBEDDED"/>
    <property name="file.separator" value="\"/>
    <property name="java.vendor.url.bug" value="http://bugreport.sun.com/bugreport/"/>
    <property name="sun.cpu.endian" value="little"/>
    <property name="sun.io.unicode.encoding" value="UnicodeLittle"/>
    <property name="sun.desktop" value="windows"/>
    <property name="sun.cpu.isalist" value="amd64"/>
  </properties>
  <testcase classname="Scenario: Verify the Build Number" name="Given User Launch Chrome Browser" time="0.009"/>
  <testcase classname="Scenario: Verify the Build Number" name="When User Opens the URL &quot;http://localhost/login.do&quot;" time="0.001"/>
  <testcase classname="Scenario: Verify the Build Number" name="And User Enters Username as &quot;admin&quot; and Password as &quot;manager&quot;" time="0"/>
  <testcase classname="Scenario: Verify the Build Number" name="And Users click on login" time="0"/>
  <testcase classname="Scenario: Verify the Build Number" name="Then Click on help icon" time="0"/>
  <testcase classname="Scenario: Verify the Build Number" name="Then Click on about actiTime" time="0"/>
  <testcase classname="Scenario: Verify the Build Number" name="And Verify the build number" time="0"/>
  <testcase classname="Scenario: Verify the Build Number" name="Then Click on close" time="0"/>
  <testcase classname="Scenario: Verify the Build Number" name="And Close the browser" time="0"/>
  <testcase classname="Scenario: Verify the Build Number" name="Scenario: Verify the Build Number" time="0.001"/>
  <testcase classname="Scenario: Valid login" name="Given User Launch Chrome Browser" time="0"/>
  <testcase classname="Scenario: Valid login" name="When User Opens the URL &quot;http://localhost/login.do&quot;" time="0"/>
  <testcase classname="Scenario: Valid login" name="And User Enters Username as &quot;admin&quot; and Password as &quot;manager&quot;" time="0"/>
  <testcase classname="Scenario: Valid login" name="And Users click on login" time="0"/>
  <testcase classname="Scenario: Valid login" name="Then Page url should be &quot;http://localhost/user/submit_tt.do&quot;" time="0"/>
  <testcase classname="Scenario: Valid login" name="When User Click on logout link" time="0"/>
  <testcase classname="Scenario: Valid login" name="Then Page url should be &quot;http://localhost/login.do&quot;" time="0"/>
  <testcase classname="Scenario: Valid login" name="And Close the browser" time="0"/>
  <testcase classname="Scenario: Valid login" name="Scenario: Valid login" time="0.001"/>
  <testcase classname="| admin | manager |" name="Given User Launch Chrome Browser" time="0"/>
  <testcase classname="| admin | manager |" name="When User Opens the URL &quot;http://localhost/login.do&quot;" time="0"/>
  <testcase classname="| admin | manager |" name="And User Enters Username as &quot;admin&quot; and Password as &quot;manager&quot;" time="0"/>
  <testcase classname="| admin | manager |" name="And Users click on login" time="0"/>
  <testcase classname="| admin | manager |" name="Then Page url should be &quot;http://localhost/user/submit_tt.do&quot;" time="0"/>
  <testcase classname="| admin | manager |" name="When User Click on logout link" time="0"/>
  <testcase classname="| admin | manager |" name="Then Page url should be &quot;http://localhost/login.do&quot;" time="0"/>
  <testcase classname="| admin | manager |" name="And Close the browser" time="0"/>
  <testcase classname="| admin | manager |" name="| admin | manager |" time="0.001"/>
  <testcase classname="| admin | manager |" name="Given User Launch Chrome Browser" time="0"/>
  <testcase classname="| admin | manager |" name="When User Opens the URL &quot;http://localhost/login.do&quot;" time="0"/>
  <testcase classname="| admin | manager |" name="And User Enters Username as &quot;admin&quot; and Password as &quot;manager&quot;" time="0"/>
  <testcase classname="| admin | manager |" name="And Users click on login" time="0"/>
  <testcase classname="| admin | manager |" name="Then Page url should be &quot;http://localhost/user/submit_tt.do&quot;" time="0"/>
  <testcase classname="| admin | manager |" name="When User Click on logout link" time="0"/>
  <testcase classname="| admin | manager |" name="Then Page url should be &quot;http://localhost/login.do&quot;" time="0"/>
  <testcase classname="| admin | manager |" name="And Close the browser" time="0"/>
  <testcase classname="| admin | manager |" name="| admin | manager |" time="0.001"/>
</testsuite>